Arguments: 
  /nix/store/5275fpjjrr73q80qbsag4ajnpyps4d1y-nodejs-18.17.0/bin/node /home/jst/.local/share/npm/bin/yarn init

PATH: 
  /home/jst/.local/share/gem/ruby/3.1.0/bin:/home/jst/.local/share/npm/bin:/home/jst/.local/bin:/home/jst/bin:/home/jst/.config/emacs/bin:/run/wrappers/bin:/home/jst/.local/share/flatpak/exports/bin:/var/lib/flatpak/exports/bin:/home/jst/.nix-profile/bin:/etc/profiles/per-user/jst/bin:/nix/var/nix/profiles/default/bin:/run/current-system/sw/bin

Yarn version: 
  1.22.19

Node version: 
  18.17.0

Platform: 
  linux x64

Trace: 
  Error: canceled
      at Interface.<anonymous> (/home/jst/.local/share/npm/lib/node_modules/yarn/lib/cli.js:137150:13)
      at Interface.emit (node:events:514:28)
      at [_ttyWrite] [as _ttyWrite] (node:internal/readline/interface:1131:18)
      at ReadStream.onkeypress (node:internal/readline/interface:270:20)
      at ReadStream.emit (node:events:514:28)
      at emitKeys (node:internal/readline/utils:357:14)
      at emitKeys.next (<anonymous>)
      at ReadStream.onData (node:internal/readline/emitKeypressEvents:64:36)
      at ReadStream.emit (node:events:514:28)
      at addChunk (node:internal/streams/readable:324:12)

npm manifest: 
  No manifest

yarn manifest: 
  No manifest

Lockfile: 
  No lockfile
